  main.cpp
main.cpp(115): warning C4101: 'msg': unreferenced local variable
  Generating code
  1 of 631 functions ( 0.2%) were compiled, the rest were copied from previous compilation.
    0 functions were new in current compilation
    1 functions had inline decision re-evaluated but remain unchanged
  Finished generating code
libcef_dll_wrapper.lib(transfer_util.obj) : warning LNK4099: PDB 'libcef_dll_wrapper.pdb' was not found with 'libcef_dll_wrapper.lib(transfer_util.obj)' or at 'D:\CefSetup\Release\libcef_dll_wrapper.pdb'; linking object as if no debug info
libcef_dll_wrapper.lib(cef_logging.obj) : warning LNK4099: PDB 'libcef_dll_wrapper.pdb' was not found with 'libcef_dll_wrapper.lib(cef_logging.obj)' or at 'D:\CefSetup\Release\libcef_dll_wrapper.pdb'; linking object as if no debug info
libcef_dll_wrapper.lib(app_cpptoc.obj) : warning LNK4099: PDB 'libcef_dll_wrapper.pdb' was not found with 'libcef_dll_wrapper.lib(app_cpptoc.obj)' or at 'D:\CefSetup\Release\libcef_dll_wrapper.pdb'; linking object as if no debug info
libcef_dll_wrapper.lib(base_cpptoc.obj) : warning LNK4099: PDB 'libcef_dll_wrapper.pdb' was not found with 'libcef_dll_wrapper.lib(base_cpptoc.obj)' or at 'D:\CefSetup\Release\libcef_dll_wrapper.pdb'; linking object as if no debug info
libcef_dll_wrapper.lib(browser_process_handler_cpptoc.obj) : warning LNK4099: PDB 'libcef_dll_wrapper.pdb' was not found with 'libcef_dll_wrapper.lib(browser_process_handler_cpptoc.obj)' or at 'D:\CefSetup\Release\libcef_dll_wrapper.pdb'; linking object as if no debug info
libcef_dll_wrapper.lib(client_cpptoc.obj) : warning LNK4099: PDB 'libcef_dll_wrapper.pdb' was not found with 'libcef_dll_wrapper.lib(client_cpptoc.obj)' or at 'D:\CefSetup\Release\libcef_dll_wrapper.pdb'; linking object as if no debug info
libcef_dll_wrapper.lib(completion_callback_cpptoc.obj) : warning LNK4099: PDB 'libcef_dll_wrapper.pdb' was not found with 'libcef_dll_wrapper.lib(completion_callback_cpptoc.obj)' or at 'D:\CefSetup\Release\libcef_dll_wrapper.pdb'; linking object as if no debug info
libcef_dll_wrapper.lib(context_menu_handler_cpptoc.obj) : warning LNK4099: PDB 'libcef_dll_wrapper.pdb' was not found with 'libcef_dll_wrapper.lib(context_menu_handler_cpptoc.obj)' or at 'D:\CefSetup\Release\libcef_dll_wrapper.pdb'; linking object as if no debug info
libcef_dll_wrapper.lib(cookie_visitor_cpptoc.obj) : warning LNK4099: PDB 'libcef_dll_wrapper.pdb' was not found with 'libcef_dll_wrapper.lib(cookie_visitor_cpptoc.obj)' or at 'D:\CefSetup\Release\libcef_dll_wrapper.pdb'; linking object as if no debug info
libcef_dll_wrapper.lib(delete_cookies_callback_cpptoc.obj) : warning LNK4099: PDB 'libcef_dll_wrapper.pdb' was not found with 'libcef_dll_wrapper.lib(delete_cookies_callback_cpptoc.obj)' or at 'D:\CefSetup\Release\libcef_dll_wrapper.pdb'; linking object as if no debug info
libcef_dll_wrapper.lib(dialog_handler_cpptoc.obj) : warning LNK4099: PDB 'libcef_dll_wrapper.pdb' was not found with 'libcef_dll_wrapper.lib(dialog_handler_cpptoc.obj)' or at 'D:\CefSetup\Release\libcef_dll_wrapper.pdb'; linking object as if no debug info
libcef_dll_wrapper.lib(display_handler_cpptoc.obj) : warning LNK4099: PDB 'libcef_dll_wrapper.pdb' was not found with 'libcef_dll_wrapper.lib(display_handler_cpptoc.obj)' or at 'D:\CefSetup\Release\libcef_dll_wrapper.pdb'; linking object as if no debug info
libcef_dll_wrapper.lib(domvisitor_cpptoc.obj) : warning LNK4099: PDB 'libcef_dll_wrapper.pdb' was not found with 'libcef_dll_wrapper.lib(domvisitor_cpptoc.obj)' or at 'D:\CefSetup\Release\libcef_dll_wrapper.pdb'; linking object as if no debug info
libcef_dll_wrapper.lib(download_handler_cpptoc.obj) : warning LNK4099: PDB 'libcef_dll_wrapper.pdb' was not found with 'libcef_dll_wrapper.lib(download_handler_cpptoc.obj)' or at 'D:\CefSetup\Release\libcef_dll_wrapper.pdb'; linking object as if no debug info
libcef_dll_wrapper.lib(download_image_callback_cpptoc.obj) : warning LNK4099: PDB 'libcef_dll_wrapper.pdb' was not found with 'libcef_dll_wrapper.lib(download_image_callback_cpptoc.obj)' or at 'D:\CefSetup\Release\libcef_dll_wrapper.pdb'; linking object as if no debug info
libcef_dll_wrapper.lib(drag_handler_cpptoc.obj) : warning LNK4099: PDB 'libcef_dll_wrapper.pdb' was not found with 'libcef_dll_wrapper.lib(drag_handler_cpptoc.obj)' or at 'D:\CefSetup\Release\libcef_dll_wrapper.pdb'; linking object as if no debug info
libcef_dll_wrapper.lib(end_tracing_callback_cpptoc.obj) : warning LNK4099: PDB 'libcef_dll_wrapper.pdb' was not found with 'libcef_dll_wrapper.lib(end_tracing_callback_cpptoc.obj)' or at 'D:\CefSetup\Release\libcef_dll_wrapper.pdb'; linking object as if no debug info
libcef_dll_wrapper.lib(find_handler_cpptoc.obj) : warning LNK4099: PDB 'libcef_dll_wrapper.pdb' was not found with 'libcef_dll_wrapper.lib(find_handler_cpptoc.obj)' or at 'D:\CefSetup\Release\libcef_dll_wrapper.pdb'; linking object as if no debug info
libcef_dll_wrapper.lib(focus_handler_cpptoc.obj) : warning LNK4099: PDB 'libcef_dll_wrapper.pdb' was not found with 'libcef_dll_wrapper.lib(focus_handler_cpptoc.obj)' or at 'D:\CefSetup\Release\libcef_dll_wrapper.pdb'; linking object as if no debug info
libcef_dll_wrapper.lib(geolocation_handler_cpptoc.obj) : warning LNK4099: PDB 'libcef_dll_wrapper.pdb' was not found with 'libcef_dll_wrapper.lib(geolocation_handler_cpptoc.obj)' or at 'D:\CefSetup\Release\libcef_dll_wrapper.pdb'; linking object as if no debug info
libcef_dll_wrapper.lib(get_geolocation_callback_cpptoc.obj) : warning LNK4099: PDB 'libcef_dll_wrapper.pdb' was not found with 'libcef_dll_wrapper.lib(get_geolocation_callback_cpptoc.obj)' or at 'D:\CefSetup\Release\libcef_dll_wrapper.pdb'; linking object as if no debug info
libcef_dll_wrapper.lib(jsdialog_handler_cpptoc.obj) : warning LNK4099: PDB 'libcef_dll_wrapper.pdb' was not found with 'libcef_dll_wrapper.lib(jsdialog_handler_cpptoc.obj)' or at 'D:\CefSetup\Release\libcef_dll_wrapper.pdb'; linking object as if no debug info
libcef_dll_wrapper.lib(keyboard_handler_cpptoc.obj) : warning LNK4099: PDB 'libcef_dll_wrapper.pdb' was not found with 'libcef_dll_wrapper.lib(keyboard_handler_cpptoc.obj)' or at 'D:\CefSetup\Release\libcef_dll_wrapper.pdb'; linking object as if no debug info
libcef_dll_wrapper.lib(life_span_handler_cpptoc.obj) : warning LNK4099: PDB 'libcef_dll_wrapper.pdb' was not found with 'libcef_dll_wrapper.lib(life_span_handler_cpptoc.obj)' or at 'D:\CefSetup\Release\libcef_dll_wrapper.pdb'; linking object as if no debug info
libcef_dll_wrapper.lib(load_handler_cpptoc.obj) : warning LNK4099: PDB 'libcef_dll_wrapper.pdb' was not found with 'libcef_dll_wrapper.lib(load_handler_cpptoc.obj)' or at 'D:\CefSetup\Release\libcef_dll_wrapper.pdb'; linking object as if no debug info
libcef_dll_wrapper.lib(menu_model_delegate_cpptoc.obj) : warning LNK4099: PDB 'libcef_dll_wrapper.pdb' was not found with 'libcef_dll_wrapper.lib(menu_model_delegate_cpptoc.obj)' or at 'D:\CefSetup\Release\libcef_dll_wrapper.pdb'; linking object as if no debug info
libcef_dll_wrapper.lib(navigation_entry_visitor_cpptoc.obj) : warning LNK4099: PDB 'libcef_dll_wrapper.pdb' was not found with 'libcef_dll_wrapper.lib(navigation_entry_visitor_cpptoc.obj)' or at 'D:\CefSetup\Release\libcef_dll_wrapper.pdb'; linking object as if no debug info
libcef_dll_wrapper.lib(pdf_print_callback_cpptoc.obj) : warning LNK4099: PDB 'libcef_dll_wrapper.pdb' was not found with 'libcef_dll_wrapper.lib(pdf_print_callback_cpptoc.obj)' or at 'D:\CefSetup\Release\libcef_dll_wrapper.pdb'; linking object as if no debug info
libcef_dll_wrapper.lib(print_handler_cpptoc.obj) : warning LNK4099: PDB 'libcef_dll_wrapper.pdb' was not found with 'libcef_dll_wrapper.lib(print_handler_cpptoc.obj)' or at 'D:\CefSetup\Release\libcef_dll_wrapper.pdb'; linking object as if no debug info
libcef_dll_wrapper.lib(register_cdm_callback_cpptoc.obj) : warning LNK4099: PDB 'libcef_dll_wrapper.pdb' was not found with 'libcef_dll_wrapper.lib(register_cdm_callback_cpptoc.obj)' or at 'D:\CefSetup\Release\libcef_dll_wrapper.pdb'; linking object as if no debug info
libcef_dll_wrapper.lib(render_handler_cpptoc.obj) : warning LNK4099: PDB 'libcef_dll_wrapper.pdb' was not found with 'libcef_dll_wrapper.lib(render_handler_cpptoc.obj)' or at 'D:\CefSetup\Release\libcef_dll_wrapper.pdb'; linking object as if no debug info
libcef_dll_wrapper.lib(render_process_handler_cpptoc.obj) : warning LNK4099: PDB 'libcef_dll_wrapper.pdb' was not found with 'libcef_dll_wrapper.lib(render_process_handler_cpptoc.obj)' or at 'D:\CefSetup\Release\libcef_dll_wrapper.pdb'; linking object as if no debug info
libcef_dll_wrapper.lib(request_context_handler_cpptoc.obj) : warning LNK4099: PDB 'libcef_dll_wrapper.pdb' was not found with 'libcef_dll_wrapper.lib(request_context_handler_cpptoc.obj)' or at 'D:\CefSetup\Release\libcef_dll_wrapper.pdb'; linking object as if no debug info
libcef_dll_wrapper.lib(request_handler_cpptoc.obj) : warning LNK4099: PDB 'libcef_dll_wrapper.pdb' was not found with 'libcef_dll_wrapper.lib(request_handler_cpptoc.obj)' or at 'D:\CefSetup\Release\libcef_dll_wrapper.pdb'; linking object as if no debug info
libcef_dll_wrapper.lib(resolve_callback_cpptoc.obj) : warning LNK4099: PDB 'libcef_dll_wrapper.pdb' was not found with 'libcef_dll_wrapper.lib(resolve_callback_cpptoc.obj)' or at 'D:\CefSetup\Release\libcef_dll_wrapper.pdb'; linking object as if no debug info
libcef_dll_wrapper.lib(resource_bundle_handler_cpptoc.obj) : warning LNK4099: PDB 'libcef_dll_wrapper.pdb' was not found with 'libcef_dll_wrapper.lib(resource_bundle_handler_cpptoc.obj)' or at 'D:\CefSetup\Release\libcef_dll_wrapper.pdb'; linking object as if no debug info
libcef_dll_wrapper.lib(resource_handler_cpptoc.obj) : warning LNK4099: PDB 'libcef_dll_wrapper.pdb' was not found with 'libcef_dll_wrapper.lib(resource_handler_cpptoc.obj)' or at 'D:\CefSetup\Release\libcef_dll_wrapper.pdb'; linking object as if no debug info
libcef_dll_wrapper.lib(response_filter_cpptoc.obj) : warning LNK4099: PDB 'libcef_dll_wrapper.pdb' was not found with 'libcef_dll_wrapper.lib(response_filter_cpptoc.obj)' or at 'D:\CefSetup\Release\libcef_dll_wrapper.pdb'; linking object as if no debug info
libcef_dll_wrapper.lib(run_file_dialog_callback_cpptoc.obj) : warning LNK4099: PDB 'libcef_dll_wrapper.pdb' was not found with 'libcef_dll_wrapper.lib(run_file_dialog_callback_cpptoc.obj)' or at 'D:\CefSetup\Release\libcef_dll_wrapper.pdb'; linking object as if no debug info
libcef_dll_wrapper.lib(scheme_handler_factory_cpptoc.obj) : warning LNK4099: PDB 'libcef_dll_wrapper.pdb' was not found with 'libcef_dll_wrapper.lib(scheme_handler_factory_cpptoc.obj)' or at 'D:\CefSetup\Release\libcef_dll_wrapper.pdb'; linking object as if no debug info
libcef_dll_wrapper.lib(set_cookie_callback_cpptoc.obj) : warning LNK4099: PDB 'libcef_dll_wrapper.pdb' was not found with 'libcef_dll_wrapper.lib(set_cookie_callback_cpptoc.obj)' or at 'D:\CefSetup\Release\libcef_dll_wrapper.pdb'; linking object as if no debug info
libcef_dll_wrapper.lib(string_visitor_cpptoc.obj) : warning LNK4099: PDB 'libcef_dll_wrapper.pdb' was not found with 'libcef_dll_wrapper.lib(string_visitor_cpptoc.obj)' or at 'D:\CefSetup\Release\libcef_dll_wrapper.pdb'; linking object as if no debug info
libcef_dll_wrapper.lib(task_cpptoc.obj) : warning LNK4099: PDB 'libcef_dll_wrapper.pdb' was not found with 'libcef_dll_wrapper.lib(task_cpptoc.obj)' or at 'D:\CefSetup\Release\libcef_dll_wrapper.pdb'; linking object as if no debug info
libcef_dll_wrapper.lib(v8accessor_cpptoc.obj) : warning LNK4099: PDB 'libcef_dll_wrapper.pdb' was not found with 'libcef_dll_wrapper.lib(v8accessor_cpptoc.obj)' or at 'D:\CefSetup\Release\libcef_dll_wrapper.pdb'; linking object as if no debug info
libcef_dll_wrapper.lib(v8handler_cpptoc.obj) : warning LNK4099: PDB 'libcef_dll_wrapper.pdb' was not found with 'libcef_dll_wrapper.lib(v8handler_cpptoc.obj)' or at 'D:\CefSetup\Release\libcef_dll_wrapper.pdb'; linking object as if no debug info
libcef_dll_wrapper.lib(v8interceptor_cpptoc.obj) : warning LNK4099: PDB 'libcef_dll_wrapper.pdb' was not found with 'libcef_dll_wrapper.lib(v8interceptor_cpptoc.obj)' or at 'D:\CefSetup\Release\libcef_dll_wrapper.pdb'; linking object as if no debug info
libcef_dll_wrapper.lib(web_plugin_info_visitor_cpptoc.obj) : warning LNK4099: PDB 'libcef_dll_wrapper.pdb' was not found with 'libcef_dll_wrapper.lib(web_plugin_info_visitor_cpptoc.obj)' or at 'D:\CefSetup\Release\libcef_dll_wrapper.pdb'; linking object as if no debug info
libcef_dll_wrapper.lib(web_plugin_unstable_callback_cpptoc.obj) : warning LNK4099: PDB 'libcef_dll_wrapper.pdb' was not found with 'libcef_dll_wrapper.lib(web_plugin_unstable_callback_cpptoc.obj)' or at 'D:\CefSetup\Release\libcef_dll_wrapper.pdb'; linking object as if no debug info
libcef_dll_wrapper.lib(write_handler_cpptoc.obj) : warning LNK4099: PDB 'libcef_dll_wrapper.pdb' was not found with 'libcef_dll_wrapper.lib(write_handler_cpptoc.obj)' or at 'D:\CefSetup\Release\libcef_dll_wrapper.pdb'; linking object as if no debug info
libcef_dll_wrapper.lib(auth_callback_ctocpp.obj) : warning LNK4099: PDB 'libcef_dll_wrapper.pdb' was not found with 'libcef_dll_wrapper.lib(auth_callback_ctocpp.obj)' or at 'D:\CefSetup\Release\libcef_dll_wrapper.pdb'; linking object as if no debug info
libcef_dll_wrapper.lib(before_download_callback_ctocpp.obj) : warning LNK4099: PDB 'libcef_dll_wrapper.pdb' was not found with 'libcef_dll_wrapper.lib(before_download_callback_ctocpp.obj)' or at 'D:\CefSetup\Release\libcef_dll_wrapper.pdb'; linking object as if no debug info
libcef_dll_wrapper.lib(binary_value_ctocpp.obj) : warning LNK4099: PDB 'libcef_dll_wrapper.pdb' was not found with 'libcef_dll_wrapper.lib(binary_value_ctocpp.obj)' or at 'D:\CefSetup\Release\libcef_dll_wrapper.pdb'; linking object as if no debug info
libcef_dll_wrapper.lib(browser_ctocpp.obj) : warning LNK4099: PDB 'libcef_dll_wrapper.pdb' was not found with 'libcef_dll_wrapper.lib(browser_ctocpp.obj)' or at 'D:\CefSetup\Release\libcef_dll_wrapper.pdb'; linking object as if no debug info
libcef_dll_wrapper.lib(browser_host_ctocpp.obj) : warning LNK4099: PDB 'libcef_dll_wrapper.pdb' was not found with 'libcef_dll_wrapper.lib(browser_host_ctocpp.obj)' or at 'D:\CefSetup\Release\libcef_dll_wrapper.pdb'; linking object as if no debug info
libcef_dll_wrapper.lib(callback_ctocpp.obj) : warning LNK4099: PDB 'libcef_dll_wrapper.pdb' was not found with 'libcef_dll_wrapper.lib(callback_ctocpp.obj)' or at 'D:\CefSetup\Release\libcef_dll_wrapper.pdb'; linking object as if no debug info
libcef_dll_wrapper.lib(command_line_ctocpp.obj) : warning LNK4099: PDB 'libcef_dll_wrapper.pdb' was not found with 'libcef_dll_wrapper.lib(command_line_ctocpp.obj)' or at 'D:\CefSetup\Release\libcef_dll_wrapper.pdb'; linking object as if no debug info
libcef_dll_wrapper.lib(context_menu_params_ctocpp.obj) : warning LNK4099: PDB 'libcef_dll_wrapper.pdb' was not found with 'libcef_dll_wrapper.lib(context_menu_params_ctocpp.obj)' or at 'D:\CefSetup\Release\libcef_dll_wrapper.pdb'; linking object as if no debug info
libcef_dll_wrapper.lib(cookie_manager_ctocpp.obj) : warning LNK4099: PDB 'libcef_dll_wrapper.pdb' was not found with 'libcef_dll_wrapper.lib(cookie_manager_ctocpp.obj)' or at 'D:\CefSetup\Release\libcef_dll_wrapper.pdb'; linking object as if no debug info
libcef_dll_wrapper.lib(dictionary_value_ctocpp.obj) : warning LNK4099: PDB 'libcef_dll_wrapper.pdb' was not found with 'libcef_dll_wrapper.lib(dictionary_value_ctocpp.obj)' or at 'D:\CefSetup\Release\libcef_dll_wrapper.pdb'; linking object as if no debug info
libcef_dll_wrapper.lib(domdocument_ctocpp.obj) : warning LNK4099: PDB 'libcef_dll_wrapper.pdb' was not found with 'libcef_dll_wrapper.lib(domdocument_ctocpp.obj)' or at 'D:\CefSetup\Release\libcef_dll_wrapper.pdb'; linking object as if no debug info
libcef_dll_wrapper.lib(domnode_ctocpp.obj) : warning LNK4099: PDB 'libcef_dll_wrapper.pdb' was not found with 'libcef_dll_wrapper.lib(domnode_ctocpp.obj)' or at 'D:\CefSetup\Release\libcef_dll_wrapper.pdb'; linking object as if no debug info
libcef_dll_wrapper.lib(download_item_callback_ctocpp.obj) : warning LNK4099: PDB 'libcef_dll_wrapper.pdb' was not found with 'libcef_dll_wrapper.lib(download_item_callback_ctocpp.obj)' or at 'D:\CefSetup\Release\libcef_dll_wrapper.pdb'; linking object as if no debug info
libcef_dll_wrapper.lib(download_item_ctocpp.obj) : warning LNK4099: PDB 'libcef_dll_wrapper.pdb' was not found with 'libcef_dll_wrapper.lib(download_item_ctocpp.obj)' or at 'D:\CefSetup\Release\libcef_dll_wrapper.pdb'; linking object as if no debug info
libcef_dll_wrapper.lib(drag_data_ctocpp.obj) : warning LNK4099: PDB 'libcef_dll_wrapper.pdb' was not found with 'libcef_dll_wrapper.lib(drag_data_ctocpp.obj)' or at 'D:\CefSetup\Release\libcef_dll_wrapper.pdb'; linking object as if no debug info
libcef_dll_wrapper.lib(file_dialog_callback_ctocpp.obj) : warning LNK4099: PDB 'libcef_dll_wrapper.pdb' was not found with 'libcef_dll_wrapper.lib(file_dialog_callback_ctocpp.obj)' or at 'D:\CefSetup\Release\libcef_dll_wrapper.pdb'; linking object as if no debug info
libcef_dll_wrapper.lib(frame_ctocpp.obj) : warning LNK4099: PDB 'libcef_dll_wrapper.pdb' was not found with 'libcef_dll_wrapper.lib(frame_ctocpp.obj)' or at 'D:\CefSetup\Release\libcef_dll_wrapper.pdb'; linking object as if no debug info
libcef_dll_wrapper.lib(geolocation_callback_ctocpp.obj) : warning LNK4099: PDB 'libcef_dll_wrapper.pdb' was not found with 'libcef_dll_wrapper.lib(geolocation_callback_ctocpp.obj)' or at 'D:\CefSetup\Release\libcef_dll_wrapper.pdb'; linking object as if no debug info
libcef_dll_wrapper.lib(image_ctocpp.obj) : warning LNK4099: PDB 'libcef_dll_wrapper.pdb' was not found with 'libcef_dll_wrapper.lib(image_ctocpp.obj)' or at 'D:\CefSetup\Release\libcef_dll_wrapper.pdb'; linking object as if no debug info
libcef_dll_wrapper.lib(jsdialog_callback_ctocpp.obj) : warning LNK4099: PDB 'libcef_dll_wrapper.pdb' was not found with 'libcef_dll_wrapper.lib(jsdialog_callback_ctocpp.obj)' or at 'D:\CefSetup\Release\libcef_dll_wrapper.pdb'; linking object as if no debug info
libcef_dll_wrapper.lib(list_value_ctocpp.obj) : warning LNK4099: PDB 'libcef_dll_wrapper.pdb' was not found with 'libcef_dll_wrapper.lib(list_value_ctocpp.obj)' or at 'D:\CefSetup\Release\libcef_dll_wrapper.pdb'; linking object as if no debug info
libcef_dll_wrapper.lib(menu_model_ctocpp.obj) : warning LNK4099: PDB 'libcef_dll_wrapper.pdb' was not found with 'libcef_dll_wrapper.lib(menu_model_ctocpp.obj)' or at 'D:\CefSetup\Release\libcef_dll_wrapper.pdb'; linking object as if no debug info
libcef_dll_wrapper.lib(navigation_entry_ctocpp.obj) : warning LNK4099: PDB 'libcef_dll_wrapper.pdb' was not found with 'libcef_dll_wrapper.lib(navigation_entry_ctocpp.obj)' or at 'D:\CefSetup\Release\libcef_dll_wrapper.pdb'; linking object as if no debug info
libcef_dll_wrapper.lib(post_data_ctocpp.obj) : warning LNK4099: PDB 'libcef_dll_wrapper.pdb' was not found with 'libcef_dll_wrapper.lib(post_data_ctocpp.obj)' or at 'D:\CefSetup\Release\libcef_dll_wrapper.pdb'; linking object as if no debug info
libcef_dll_wrapper.lib(post_data_element_ctocpp.obj) : warning LNK4099: PDB 'libcef_dll_wrapper.pdb' was not found with 'libcef_dll_wrapper.lib(post_data_element_ctocpp.obj)' or at 'D:\CefSetup\Release\libcef_dll_wrapper.pdb'; linking object as if no debug info
libcef_dll_wrapper.lib(print_dialog_callback_ctocpp.obj) : warning LNK4099: PDB 'libcef_dll_wrapper.pdb' was not found with 'libcef_dll_wrapper.lib(print_dialog_callback_ctocpp.obj)' or at 'D:\CefSetup\Release\libcef_dll_wrapper.pdb'; linking object as if no debug info
libcef_dll_wrapper.lib(print_job_callback_ctocpp.obj) : warning LNK4099: PDB 'libcef_dll_wrapper.pdb' was not found with 'libcef_dll_wrapper.lib(print_job_callback_ctocpp.obj)' or at 'D:\CefSetup\Release\libcef_dll_wrapper.pdb'; linking object as if no debug info
libcef_dll_wrapper.lib(print_settings_ctocpp.obj) : warning LNK4099: PDB 'libcef_dll_wrapper.pdb' was not found with 'libcef_dll_wrapper.lib(print_settings_ctocpp.obj)' or at 'D:\CefSetup\Release\libcef_dll_wrapper.pdb'; linking object as if no debug info
libcef_dll_wrapper.lib(process_message_ctocpp.obj) : warning LNK4099: PDB 'libcef_dll_wrapper.pdb' was not found with 'libcef_dll_wrapper.lib(process_message_ctocpp.obj)' or at 'D:\CefSetup\Release\libcef_dll_wrapper.pdb'; linking object as if no debug info
libcef_dll_wrapper.lib(request_callback_ctocpp.obj) : warning LNK4099: PDB 'libcef_dll_wrapper.pdb' was not found with 'libcef_dll_wrapper.lib(request_callback_ctocpp.obj)' or at 'D:\CefSetup\Release\libcef_dll_wrapper.pdb'; linking object as if no debug info
libcef_dll_wrapper.lib(request_context_ctocpp.obj) : warning LNK4099: PDB 'libcef_dll_wrapper.pdb' was not found with 'libcef_dll_wrapper.lib(request_context_ctocpp.obj)' or at 'D:\CefSetup\Release\libcef_dll_wrapper.pdb'; linking object as if no debug info
libcef_dll_wrapper.lib(request_ctocpp.obj) : warning LNK4099: PDB 'libcef_dll_wrapper.pdb' was not found with 'libcef_dll_wrapper.lib(request_ctocpp.obj)' or at 'D:\CefSetup\Release\libcef_dll_wrapper.pdb'; linking object as if no debug info
libcef_dll_wrapper.lib(response_ctocpp.obj) : warning LNK4099: PDB 'libcef_dll_wrapper.pdb' was not found with 'libcef_dll_wrapper.lib(response_ctocpp.obj)' or at 'D:\CefSetup\Release\libcef_dll_wrapper.pdb'; linking object as if no debug info
libcef_dll_wrapper.lib(run_context_menu_callback_ctocpp.obj) : warning LNK4099: PDB 'libcef_dll_wrapper.pdb' was not found with 'libcef_dll_wrapper.lib(run_context_menu_callback_ctocpp.obj)' or at 'D:\CefSetup\Release\libcef_dll_wrapper.pdb'; linking object as if no debug info
libcef_dll_wrapper.lib(scheme_registrar_ctocpp.obj) : warning LNK4099: PDB 'libcef_dll_wrapper.pdb' was not found with 'libcef_dll_wrapper.lib(scheme_registrar_ctocpp.obj)' or at 'D:\CefSetup\Release\libcef_dll_wrapper.pdb'; linking object as if no debug info
libcef_dll_wrapper.lib(select_client_certificate_callback_ctocpp.obj) : warning LNK4099: PDB 'libcef_dll_wrapper.pdb' was not found with 'libcef_dll_wrapper.lib(select_client_certificate_callback_ctocpp.obj)' or at 'D:\CefSetup\Release\libcef_dll_wrapper.pdb'; linking object as if no debug info
libcef_dll_wrapper.lib(sslinfo_ctocpp.obj) : warning LNK4099: PDB 'libcef_dll_wrapper.pdb' was not found with 'libcef_dll_wrapper.lib(sslinfo_ctocpp.obj)' or at 'D:\CefSetup\Release\libcef_dll_wrapper.pdb'; linking object as if no debug info
libcef_dll_wrapper.lib(sslstatus_ctocpp.obj) : warning LNK4099: PDB 'libcef_dll_wrapper.pdb' was not found with 'libcef_dll_wrapper.lib(sslstatus_ctocpp.obj)' or at 'D:\CefSetup\Release\libcef_dll_wrapper.pdb'; linking object as if no debug info
libcef_dll_wrapper.lib(stream_writer_ctocpp.obj) : warning LNK4099: PDB 'libcef_dll_wrapper.pdb' was not found with 'libcef_dll_wrapper.lib(stream_writer_ctocpp.obj)' or at 'D:\CefSetup\Release\libcef_dll_wrapper.pdb'; linking object as if no debug info
libcef_dll_wrapper.lib(task_runner_ctocpp.obj) : warning LNK4099: PDB 'libcef_dll_wrapper.pdb' was not found with 'libcef_dll_wrapper.lib(task_runner_ctocpp.obj)' or at 'D:\CefSetup\Release\libcef_dll_wrapper.pdb'; linking object as if no debug info
libcef_dll_wrapper.lib(v8context_ctocpp.obj) : warning LNK4099: PDB 'libcef_dll_wrapper.pdb' was not found with 'libcef_dll_wrapper.lib(v8context_ctocpp.obj)' or at 'D:\CefSetup\Release\libcef_dll_wrapper.pdb'; linking object as if no debug info
libcef_dll_wrapper.lib(v8exception_ctocpp.obj) : warning LNK4099: PDB 'libcef_dll_wrapper.pdb' was not found with 'libcef_dll_wrapper.lib(v8exception_ctocpp.obj)' or at 'D:\CefSetup\Release\libcef_dll_wrapper.pdb'; linking object as if no debug info
libcef_dll_wrapper.lib(v8stack_frame_ctocpp.obj) : warning LNK4099: PDB 'libcef_dll_wrapper.pdb' was not found with 'libcef_dll_wrapper.lib(v8stack_frame_ctocpp.obj)' or at 'D:\CefSetup\Release\libcef_dll_wrapper.pdb'; linking object as if no debug info
libcef_dll_wrapper.lib(v8stack_trace_ctocpp.obj) : warning LNK4099: PDB 'libcef_dll_wrapper.pdb' was not found with 'libcef_dll_wrapper.lib(v8stack_trace_ctocpp.obj)' or at 'D:\CefSetup\Release\libcef_dll_wrapper.pdb'; linking object as if no debug info
libcef_dll_wrapper.lib(v8value_ctocpp.obj) : warning LNK4099: PDB 'libcef_dll_wrapper.pdb' was not found with 'libcef_dll_wrapper.lib(v8value_ctocpp.obj)' or at 'D:\CefSetup\Release\libcef_dll_wrapper.pdb'; linking object as if no debug info
libcef_dll_wrapper.lib(value_ctocpp.obj) : warning LNK4099: PDB 'libcef_dll_wrapper.pdb' was not found with 'libcef_dll_wrapper.lib(value_ctocpp.obj)' or at 'D:\CefSetup\Release\libcef_dll_wrapper.pdb'; linking object as if no debug info
libcef_dll_wrapper.lib(web_plugin_info_ctocpp.obj) : warning LNK4099: PDB 'libcef_dll_wrapper.pdb' was not found with 'libcef_dll_wrapper.lib(web_plugin_info_ctocpp.obj)' or at 'D:\CefSetup\Release\libcef_dll_wrapper.pdb'; linking object as if no debug info
libcef_dll_wrapper.lib(x509cert_principal_ctocpp.obj) : warning LNK4099: PDB 'libcef_dll_wrapper.pdb' was not found with 'libcef_dll_wrapper.lib(x509cert_principal_ctocpp.obj)' or at 'D:\CefSetup\Release\libcef_dll_wrapper.pdb'; linking object as if no debug info
libcef_dll_wrapper.lib(x509certificate_ctocpp.obj) : warning LNK4099: PDB 'libcef_dll_wrapper.pdb' was not found with 'libcef_dll_wrapper.lib(x509certificate_ctocpp.obj)' or at 'D:\CefSetup\Release\libcef_dll_wrapper.pdb'; linking object as if no debug info
libcef_dll_wrapper.lib(libcef_dll_wrapper.obj) : warning LNK4099: PDB 'libcef_dll_wrapper.pdb' was not found with 'libcef_dll_wrapper.lib(libcef_dll_wrapper.obj)' or at 'D:\CefSetup\Release\libcef_dll_wrapper.pdb'; linking object as if no debug info
  CefSetup.vcxproj -> D:\CefSetup\Release\CefSetup.exe
  CefSetup.vcxproj -> D:\CefSetup\Release\CefSetup.pdb (Full PDB)
